C51 COMPILER V9.54   MAIN                                                                  09/17/2021 19:19:37 PAGE 1   


C51 COMPILER V9.54, COMPILATION OF MODULE MAIN
OBJECT MODULE PLACED IN .\Objects\main.obj
COMPILER INVOKED BY: D:\»Ìº˛\ku5\C51\BIN\C51.EXE main.c OPTIMIZE(8,SPEED) BROWSE DEBUG OBJECTEXTEND PRINT(.\Listings\mai
                    -n.lst) TABS(2) OBJECT(.\Objects\main.obj)

line level    source

   1          #include <REGX51.H>
   2          #include "Delay.h"
   3          #include "urat.h"
   4          sbit led1=P2^1; //in1
   5          unsigned char receive_byte=0x32;
   6          int a=50;
   7          sbit IN0=P2^0;
   8          sbit E=P2^2;
   9          int i=0;
  10          
  11          void main ()
  12          {
  13   1      E=1;
  14   1      IN0=0;
  15   1      UartInit();
  16   1      urat_send (a);
  17   1        
  18   1      TH0=(64535)/256;  //Ê∫¢Âá∫Âêé‰ºöÊ∏Ö0 Âú®ËøôÈáåÈáçÊñ∞ËµãÂÄº ÊâçËÉΩÂæ™ÁéØ
  19   1      TL0=(64535)%256;
  20   1      
  21   1        while (1)
  22   1        {   
  23   2        a=receive_byte;
  24   2        }
  25   1      
  26   1      }
  27          
  28          void urat_receive (void) interrupt 4  
  29          {
  30   1        if(RI==1)  //Êî∂Âà∞‰∏≠Êñ≠‰ø°Âè∑ 
  31   1        {
  32   2        receive_byte=SBUF;  
  33   2        RI=0;
  34   2        }
  35   1      }
  36          
  37          void pwm () interrupt 1
  38          {
  39   1        TH0=(64535-(400*a))/256;  //Ê∫¢Âá∫Âêé‰ºöÊ∏Ö0 Âú®ËøôÈáåÈáçÊñ∞ËµãÂÄº ÊâçËÉΩÂæ™ÁéØ
  40   1        TL0=(64535-(400*a))%256;  
  41   1        led1=~led1;
  42   1      }
  43              
  44              


MODULE INFORMATION:   STATIC OVERLAYABLE
   CODE SIZE        =    185    ----
   CONSTANT SIZE    =   ----    ----
   XDATA SIZE       =   ----    ----
   PDATA SIZE       =   ----    ----
   DATA SIZE        =      5    ----
   IDATA SIZE       =   ----    ----
   BIT SIZE         =   ----    ----
C51 COMPILER V9.54   MAIN                                                                  09/17/2021 19:19:37 PAGE 2   

END OF MODULE INFORMATION.


C51 COMPILATION COMPLETE.  0 WARNING(S),  0 ERROR(S)
