C51 COMPILER V9.54   OPEN                                                                  06/17/2021 18:16:53 PAGE 1   


C51 COMPILER V9.54, COMPILATION OF MODULE OPEN
OBJECT MODULE PLACED IN .\Objects\open.obj
COMPILER INVOKED BY: E:\k5\C51\BIN\C51.EXE open.c OPTIMIZE(8,SPEED) BROWSE DEBUG OBJECTEXTEND PRINT(.\Listings\open.lst)
                    - TABS(2) OBJECT(.\Objects\open.obj)

line level    source

   1          #include <at89c51xd2.h>
   2          
   3          void main()
   4          {
   5   1        P2=0x55;
   6   1        while(1)
   7   1        {
   8   2          
   9   2        }
  10   1      }


MODULE INFORMATION:   STATIC OVERLAYABLE
   CODE SIZE        =      5    ----
   CONSTANT SIZE    =   ----    ----
   XDATA SIZE       =   ----    ----
   PDATA SIZE       =   ----    ----
   DATA SIZE        =   ----    ----
   IDATA SIZE       =   ----    ----
   BIT SIZE         =   ----    ----
END OF MODULE INFORMATION.


C51 COMPILATION COMPLETE.  0 WARNING(S),  0 ERROR(S)
