C51 COMPILER V9.54   DS18B20                                                               09/15/2021 16:19:42 PAGE 1   


C51 COMPILER V9.54, COMPILATION OF MODULE DS18B20
OBJECT MODULE PLACED IN .\Objects\ds18b20.obj
COMPILER INVOKED BY: D:\Èí¼ş\ku5\C51\BIN\C51.EXE ds18b20.c OPTIMIZE(8,SPEED) BROWSE DEBUG OBJECTEXTEND PRINT(.\Listings\
                    -ds18b20.lst) TABS(2) OBJECT(.\Objects\ds18b20.obj)

line level    source

   1          #include <REGX51.H>
   2          #include "onewire.h"
   3          
   4          #define ds18b20_skip_rom    0xcc
   5          
   6          void ds18b20_convert(void)
   7          {
   8   1      
   9   1        onewire_init();
  10   1        
  11   1        onewire_sendbyte(0xcc); //çœ‹å›¾
  12   1        
  13   1        onewire_sendbyte(0x44); //send ä¸€ä¸ª convert 
  14   1        
  15   1      }
  16          
  17          
  18          float ds18b20_readt(void)
  19          {
  20   1        int temp;  //int æœ‰16ä¸ªä½
  21   1        float t;
  22   1        unsigned char tlsb,tmsb; //çœ‹å›¾ ç¬¬1ä¸ªbyteæ˜¯lsb ç¬¬2ä¸ªmsb
  23   1        onewire_init();
  24   1        onewire_sendbyte(0xcc); //çœ‹å›¾
  25   1        onewire_sendbyte(0xbe); //çœ‹å›¾
  26   1        
  27   1        tlsb=onewire_receivebyte();
  28   1        tmsb=onewire_receivebyte();
  29   1        
  30   1        temp=(tmsb<<8)|tlsb;  //2ä¸ª8ä½åˆåœ¨ä¸€èµ·
  31   1        t=temp/16.0;  //ç§»èµ°äº† é™¤å›å»; 2çš„4æ¬¡æ–¹ è¡¥ç 
  32   1        return t;
  33   1        
  34   1        
  35   1        
  36   1      }


MODULE INFORMATION:   STATIC OVERLAYABLE
   CODE SIZE        =     57    ----
   CONSTANT SIZE    =   ----    ----
   XDATA SIZE       =   ----    ----
   PDATA SIZE       =   ----    ----
   DATA SIZE        =   ----       1
   IDATA SIZE       =   ----    ----
   BIT SIZE         =   ----    ----
END OF MODULE INFORMATION.


C51 COMPILATION COMPLETE.  0 WARNING(S),  0 ERROR(S)
