C51 COMPILER V9.54   MAIN                                                                  09/15/2021 16:19:42 PAGE 1   


C51 COMPILER V9.54, COMPILATION OF MODULE MAIN
OBJECT MODULE PLACED IN .\Objects\main.obj
COMPILER INVOKED BY: D:\Èí¼þ\ku5\C51\BIN\C51.EXE main.c OPTIMIZE(8,SPEED) BROWSE DEBUG OBJECTEXTEND PRINT(.\Listings\mai
                    -n.lst) TABS(2) OBJECT(.\Objects\main.obj)

line level    source

   1          #include <REGX51.H>
   2          #include "LCD1602.h"
   3          #include "onewire.h"
   4          #include "ds18b20.h"
   5          #include "Delay.h"
   6          
   7          float a;
   8          unsigned char i, j;
   9          void main()
  10          {
  11   1      LCD_Init();
  12   1      ds18b20_convert();  
  13   1        i = 180;
  14   1        j = 73;
  15   1        do
  16   1        {
  17   2          while (--j);
  18   2        } while (--i);    
  19   1      while(1)
  20   1      {
  21   2      
  22   2      ds18b20_convert();  
  23   2      a=ds18b20_readt();  
  24   2        
  25   2      LCD_ShowNum(2,2,a,2);
  26   2      
  27   2      }
  28   1      }


MODULE INFORMATION:   STATIC OVERLAYABLE
   CODE SIZE        =     51    ----
   CONSTANT SIZE    =   ----    ----
   XDATA SIZE       =   ----    ----
   PDATA SIZE       =   ----    ----
   DATA SIZE        =      6    ----
   IDATA SIZE       =   ----    ----
   BIT SIZE         =   ----    ----
END OF MODULE INFORMATION.


C51 COMPILATION COMPLETE.  0 WARNING(S),  0 ERROR(S)
