C51 COMPILER V9.54   MAIN                                                                  09/16/2021 17:24:15 PAGE 1   


C51 COMPILER V9.54, COMPILATION OF MODULE MAIN
OBJECT MODULE PLACED IN .\Objects\main.obj
COMPILER INVOKED BY: D:\»Ìº˛\ku5\C51\BIN\C51.EXE main.c OPTIMIZE(8,SPEED) BROWSE DEBUG OBJECTEXTEND PRINT(.\Listings\mai
                    -n.lst) TABS(2) OBJECT(.\Objects\main.obj)

line level    source

   1          #include <REGX51.H>
   2          #include "Delay.h"
   3          #include "urat.h"
   4          sbit led1=P2^1;
   5          unsigned char receive_byte=0x00;
   6          int a=10;
   7          
   8          char zhuan16_10 (int he)
   9          {
  10   1      int re=0;   // ‰øùÂ≠òËΩ¨Êç¢‰∏∫10ËøõÂà∂ÁöÑÁªìÊûú
  11   1      int k=16;   // 16ËøõÂà∂
  12   1      int n=1;    // ‰ΩçÊùÉ
  13   1      re += (he%10)*n;  // ÂèñÂá∫ÂêÑ‰Ωç‰ΩçÁ†ÅÂÄºÔºåÂπ∂‰πò‰ª•ÂØπÂ∫îÁöÑ‰ΩçÊùÉÂÄº
  14   1      he /= 10;   // ÂéªÊéâ16ËøõÂà∂Êï∞ÁöÑÊúÄ‰Ωé‰ΩçÔºåÊ¨°‰Ωé‰ΩçÂèò‰∏∫ÊúÄ‰Ωé‰Ωç
  15   1      n *= k;     // ‰ΩçÊùÉ‰πò‰ª•16
  16   1      return re;
  17   1      }
  18          
  19          
  20          int pwm()
  21          {
  22   1        // Âç†Á©∫ÊØî 
  23   1        led1=1;
  24   1        Delay(100-a);
  25   1        led1=0;
  26   1        Delay(a);
  27   1        led1=1;
  28   1        return 0;
  29   1      }
  30          
  31          void main ()
  32          {
  33   1      int b =0x32;
  34   1      UartInit();
  35   1      urat_send (0x66);
  36   1        
  37   1        while (1)
  38   1        {
  39   2          pwm();
  40   2          a=receive_byte;
  41   2          
  42   2        }
  43   1      
  44   1      }
  45          
  46          void urat_receive (void) interrupt 4  
  47          {
  48   1        if(RI==1)  //Êî∂Âà∞‰∏≠Êñ≠‰ø°Âè∑ 
  49   1        {
  50   2        receive_byte=SBUF;  
  51   2        RI=0;
  52   2        }
  53   1      }

C51 COMPILER V9.54   MAIN                                                                  09/16/2021 17:24:15 PAGE 2   


MODULE INFORMATION:   STATIC OVERLAYABLE
   CODE SIZE        =    133    ----
   CONSTANT SIZE    =   ----    ----
   XDATA SIZE       =   ----    ----
   PDATA SIZE       =   ----    ----
   DATA SIZE        =      3       6
   IDATA SIZE       =   ----    ----
   BIT SIZE         =   ----    ----
END OF MODULE INFORMATION.


C51 COMPILATION COMPLETE.  0 WARNING(S),  0 ERROR(S)
