C51 COMPILER V9.54   URAT                                                                  09/16/2021 17:24:15 PAGE 1   


C51 COMPILER V9.54, COMPILATION OF MODULE URAT
OBJECT MODULE PLACED IN .\Objects\urat.obj
COMPILER INVOKED BY: D:\\ku5\C51\BIN\C51.EXE urat.c OPTIMIZE(8,SPEED) BROWSE DEBUG OBJECTEXTEND PRINT(.\Listings\ura
                    -t.lst) TABS(2) OBJECT(.\Objects\urat.obj)

line level    source

   1          #include <REGX51.H>
   2          
   3          
   4          void UartInit(void)   //9600bps@11.0592MHz
   5          {
   6   1        PCON &= 0x7F;   //波特率不倍速
   7   1        SCON = 0x50;    //8位数据,可变波特率
   8   1        //AUXR &= 0xBF;   //定时器1时钟为Fosc/12,即12T  51单片机没这个
   9   1        //AUXR &= 0xFE;   //串口1选择定时器1为波特率发生器
  10   1        TMOD &= 0x0F;   //清除定时器1模式位
  11   1        TMOD |= 0x20;   //设定定时器1为8位自动重装方式
  12   1        TL1 = 0xFD;   //设定定时初值
  13   1        TH1 = 0xFD;   //设定定时器重装值
  14   1        ET1 = 0;    //禁止定时器1中断
  15   1        TR1 = 1;    //启动定时器1
  16   1        EA=1;
  17   1        ES=1;
  18   1      }
  19          
  20          int urat_send (unsigned char sendbyte)
  21          {
  22   1        
  23   1        SBUF=sendbyte;
  24   1        while(TI==0);  //判断是否发送完毕 如果TI一直是0 证明没有发送完 一直循环下去 直
             -到变成1
  25   1        TI=0;
  26   1        
  27   1        return 0;
  28   1      }
  29          


MODULE INFORMATION:   STATIC OVERLAYABLE
   CODE SIZE        =     38    ----
   CONSTANT SIZE    =   ----    ----
   XDATA SIZE       =   ----    ----
   PDATA SIZE       =   ----    ----
   DATA SIZE        =   ----    ----
   IDATA SIZE       =   ----    ----
   BIT SIZE         =   ----    ----
END OF MODULE INFORMATION.


C51 COMPILATION COMPLETE.  0 WARNING(S),  0 ERROR(S)
